<?xml version="1.0" encoding="UTF-8"?>
<!-- Generated by org.testng.reporters.JUnitXMLReporter -->
<testsuite ignored="0" hostname="DESKTOP-3AR7E08" failures="0" tests="5" name=" AccountRegisterationTest_Test" time="43.358" errors="0" timestamp="2025-01-16T14:52:59 EST">
  <testcase classname="com.testCases.TC001_AccountRegisterationTest" name="verifyRegistrationWithMandatoryDetails" time="3.142"/>
  <testcase classname="com.testCases.TC001_AccountRegisterationTest" name="verifyRegisterWithAllDetails" time="5.239"/>
  <testcase classname="com.testCases.TC001_AccountRegisterationTest" name="verifyRegistrationWithExistingEmail" time="3.526"/>
  <testcase classname="com.testCases.TC001_AccountRegisterationTest" name="verifyRegisterWithIncorrectConfirmPassword" time="2.561"/>
  <testcase classname="com.testCases.TC001_AccountRegisterationTest" name="verifyRegisterWithNoDetails" time="2.007"/>
</testsuite> <!--  AccountRegisterationTest_Test -->
