<?xml version="1.0" encoding="UTF-8"?>
<!-- Generated by org.testng.reporters.JUnitXMLReporter -->
<testsuite ignored="0" hostname="DESKTOP-3AR7E08" failures="0" tests="5" name=" LoginTest_est" time="43.904" errors="0" timestamp="2025-01-14T17:02:12 EST">
  <testcase classname="com.testCases.TC002_LoginTest" name="verifyLoginwithValidCredentials" time="3.93"/>
  <testcase classname="com.testCases.TC002_LoginTest" name="verifyLoginwithValidEmailInvalidPasword" time="2.155"/>
  <testcase classname="com.testCases.TC002_LoginTest" name="verifyLoginwitInvalidEmailValidPasword" time="2.37"/>
  <testcase classname="com.testCases.TC002_LoginTest" name="verifyLoginwithInvalidCredentials" time="4.487"/>
  <testcase classname="com.testCases.TC002_LoginTest" name="verifyLoginwithNoCredentials" time="4.042"/>
</testsuite> <!--  LoginTest_est -->
