<?xml version="1.0" encoding="UTF-8"?>
<!-- Generated by org.testng.reporters.JUnitXMLReporter -->
<testsuite ignored="0" hostname="DESKTOP-3AR7E08" failures="0" tests="5" name=" LoginWithDDT_Test" time="44.85" errors="0" timestamp="2025-01-14T17:02:13 EST">
  <testcase classname="com.testCases.TC003_LoginWithDDT" name="verifyLoginwithDDT" time="3.188"/>
  <testcase classname="com.testCases.TC003_LoginWithDDT" name="verifyLoginwithDDT" time="4.78"/>
  <testcase classname="com.testCases.TC003_LoginWithDDT" name="verifyLoginwithDDT" time="2.712"/>
  <testcase classname="com.testCases.TC003_LoginWithDDT" name="verifyLoginwithDDT" time="2.145"/>
  <testcase classname="com.testCases.TC003_LoginWithDDT" name="verifyLoginwithDDT" time="3.278"/>
</testsuite> <!--  LoginWithDDT_Test -->
