<?xml version="1.0" encoding="UTF-8"?>
<!-- Generated by org.testng.reporters.JUnitXMLReporter -->
<testsuite ignored="0" hostname="DESKTOP-3AR7E08" failures="0" tests="5" name=" LoginWithDDT_Test" time="42.833" errors="0" timestamp="2025-01-16T14:52:59 EST">
  <testcase classname="com.testCases.TC003_LoginWithDDT" name="verifyLoginwithDDT" time="2.559"/>
  <testcase classname="com.testCases.TC003_LoginWithDDT" name="verifyLoginwithDDT" time="2.264"/>
  <testcase classname="com.testCases.TC003_LoginWithDDT" name="verifyLoginwithDDT" time="2.747"/>
  <testcase classname="com.testCases.TC003_LoginWithDDT" name="verifyLoginwithDDT" time="2.259"/>
  <testcase classname="com.testCases.TC003_LoginWithDDT" name="verifyLoginwithDDT" time="2.649"/>
</testsuite> <!--  LoginWithDDT_Test -->
