<?xml version="1.0" encoding="UTF-8"?>
<!-- Generated by org.testng.reporters.JUnitXMLReporter -->
<testsuite ignored="0" hostname="DESKTOP-3AR7E08" failures="0" tests="3" name=" SearchProductTest_Test" time="18.651" errors="0" timestamp="2025-01-16T14:53:17 EST">
  <testcase classname="com.testCases.TC004_SearchProductTest" name="searchWithValidProduct" time="1.379"/>
  <testcase classname="com.testCases.TC004_SearchProductTest" name="searchWithInvalidProduct" time="0.618"/>
  <testcase classname="com.testCases.TC004_SearchProductTest" name="searchWithNoProduct" time="0.504"/>
</testsuite> <!--  SearchProductTest_Test -->
