<?xml version="1.0" encoding="UTF-8"?>
<!-- Generated by org.testng.reporters.JUnitXMLReporter -->
<testsuite ignored="0" hostname="DESKTOP-3AR7E08" failures="0" tests="3" name=" SearchProductTest_Test" time="20.444" errors="0" timestamp="2025-01-14T17:02:32 EST">
  <testcase classname="com.testCases.TC004_SearchProductTest" name="searchWithValidProduct" time="3.268"/>
  <testcase classname="com.testCases.TC004_SearchProductTest" name="searchWithInvalidProduct" time="2.6"/>
  <testcase classname="com.testCases.TC004_SearchProductTest" name="searchWithNoProduct" time="0.534"/>
</testsuite> <!--  SearchProductTest_Test -->
