<?xml version="1.0" encoding="UTF-8"?>
<testng-results ignored="0" total="15" passed="15" failed="0" skipped="0">
  <reporter-output>
  </reporter-output>
  <suite started-at="2025-01-16T15:20:19 EST" name="Suite" finished-at="2025-01-16T15:21:20 EST" duration-ms="60789">
    <groups>
    </groups>
    <test started-at="2025-01-16T15:20:19 EST" name="Test" finished-at="2025-01-16T15:21:20 EST" duration-ms="60789">
      <class name="com.testCases.TC004_SearchProductTest">
        <test-method is-config="true" signature="setup(java.lang.String,java.lang.String)[pri:0, instance:com.testCases.TC004_SearchProductTest@aafcffa]" started-at="2025-01-16T15:20:20 EST" name="setup" finished-at="2025-01-16T15:20:25 EST" duration-ms="5409" status="PASS">
          <params>
            <param index="0">
              <value>
                <![CDATA[windows]]>
              </value>
            </param>
            <param index="1">
              <value>
                <![CDATA[Chrome]]>
              </value>
            </param>
          </params>
          <reporter-output>
          </reporter-output>
        </test-method> <!-- setup -->
        <test-method signature="searchWithValidProduct()[pri:1, instance:com.testCases.TC004_SearchProductTest@aafcffa]" started-at="2025-01-16T15:20:25 EST" name="searchWithValidProduct" finished-at="2025-01-16T15:20:27 EST" duration-ms="1494" status="PASS">
          <reporter-output>
          </reporter-output>
        </test-method> <!-- searchWithValidProduct -->
        <test-method is-config="true" signature="tearDown()[pri:0, instance:com.testCases.TC004_SearchProductTest@aafcffa]" started-at="2025-01-16T15:20:27 EST" name="tearDown" finished-at="2025-01-16T15:20:27 EST" duration-ms="360" status="PASS">
          <reporter-output>
          </reporter-output>
        </test-method> <!-- tearDown -->
        <test-method is-config="true" signature="setup(java.lang.String,java.lang.String)[pri:0, instance:com.testCases.TC004_SearchProductTest@aafcffa]" started-at="2025-01-16T15:20:27 EST" name="setup" finished-at="2025-01-16T15:20:32 EST" duration-ms="5081" status="PASS">
          <params>
            <param index="0">
              <value>
                <![CDATA[windows]]>
              </value>
            </param>
            <param index="1">
              <value>
                <![CDATA[Chrome]]>
              </value>
            </param>
          </params>
          <reporter-output>
          </reporter-output>
        </test-method> <!-- setup -->
        <test-method is-config="true" signature="setup(java.lang.String,java.lang.String)[pri:0, instance:com.testCases.TC004_SearchProductTest@aafcffa]" started-at="2025-01-16T15:20:55 EST" name="setup" finished-at="2025-01-16T15:21:01 EST" duration-ms="5797" status="PASS">
          <params>
            <param index="0">
              <value>
                <![CDATA[windows]]>
              </value>
            </param>
            <param index="1">
              <value>
                <![CDATA[Chrome]]>
              </value>
            </param>
          </params>
          <reporter-output>
          </reporter-output>
        </test-method> <!-- setup -->
        <test-method signature="searchWithNoProduct()[pri:3, instance:com.testCases.TC004_SearchProductTest@aafcffa]" started-at="2025-01-16T15:21:01 EST" name="searchWithNoProduct" finished-at="2025-01-16T15:21:02 EST" depends-on-methods="com.testCases.TC004_SearchProductTest.searchWithInvalidProduct" duration-ms="1234" status="PASS">
          <reporter-output>
          </reporter-output>
        </test-method> <!-- searchWithNoProduct -->
        <test-method is-config="true" signature="tearDown()[pri:0, instance:com.testCases.TC004_SearchProductTest@aafcffa]" started-at="2025-01-16T15:21:02 EST" name="tearDown" finished-at="2025-01-16T15:21:03 EST" duration-ms="846" status="PASS">
          <reporter-output>
          </reporter-output>
        </test-method> <!-- tearDown -->
      </class> <!-- com.testCases.TC004_SearchProductTest -->
      <class name="com.testCases.TC005_ShoppingCartPage">
        <test-method is-config="true" signature="setup(java.lang.String,java.lang.String)[pri:0, instance:com.testCases.TC005_ShoppingCartPage@52d645b1]" started-at="2025-01-16T15:20:20 EST" name="setup" finished-at="2025-01-16T15:20:25 EST" duration-ms="5298" status="PASS">
          <params>
            <param index="0">
              <value>
                <![CDATA[windows]]>
              </value>
            </param>
            <param index="1">
              <value>
                <![CDATA[Chrome]]>
              </value>
            </param>
          </params>
          <reporter-output>
          </reporter-output>
        </test-method> <!-- setup -->
        <test-method signature="shoppnigcartTast()[pri:0, instance:com.testCases.TC005_ShoppingCartPage@52d645b1]" started-at="2025-01-16T15:20:25 EST" name="shoppnigcartTast" finished-at="2025-01-16T15:20:30 EST" duration-ms="5534" status="PASS">
          <reporter-output>
          </reporter-output>
        </test-method> <!-- shoppnigcartTast -->
        <test-method is-config="true" signature="tearDown()[pri:0, instance:com.testCases.TC005_ShoppingCartPage@52d645b1]" started-at="2025-01-16T15:20:30 EST" name="tearDown" finished-at="2025-01-16T15:20:31 EST" duration-ms="372" status="PASS">
          <reporter-output>
          </reporter-output>
        </test-method> <!-- tearDown -->
      </class> <!-- com.testCases.TC005_ShoppingCartPage -->
      <class name="com.testCases.TC001_AccountRegisterationTest">
        <test-method is-config="true" signature="setup(java.lang.String,java.lang.String)[pri:0, instance:com.testCases.TC001_AccountRegisterationTest@dfddc9a]" started-at="2025-01-16T15:20:43 EST" name="setup" finished-at="2025-01-16T15:20:48 EST" duration-ms="4794" status="PASS">
          <params>
            <param index="0">
              <value>
                <![CDATA[windows]]>
              </value>
            </param>
            <param index="1">
              <value>
                <![CDATA[Chrome]]>
              </value>
            </param>
          </params>
          <reporter-output>
          </reporter-output>
        </test-method> <!-- setup -->
        <test-method signature="verifyRegistrationWithMandatoryDetails()[pri:1, instance:com.testCases.TC001_AccountRegisterationTest@dfddc9a]" started-at="2025-01-16T15:20:48 EST" name="verifyRegistrationWithMandatoryDetails" finished-at="2025-01-16T15:20:52 EST" duration-ms="3513" status="PASS">
          <reporter-output>
          </reporter-output>
        </test-method> <!-- verifyRegistrationWithMandatoryDetails -->
        <test-method is-config="true" signature="tearDown()[pri:0, instance:com.testCases.TC001_AccountRegisterationTest@dfddc9a]" started-at="2025-01-16T15:20:52 EST" name="tearDown" finished-at="2025-01-16T15:20:52 EST" duration-ms="388" status="PASS">
          <reporter-output>
          </reporter-output>
        </test-method> <!-- tearDown -->
        <test-method is-config="true" signature="setup(java.lang.String,java.lang.String)[pri:0, instance:com.testCases.TC001_AccountRegisterationTest@dfddc9a]" started-at="2025-01-16T15:20:52 EST" name="setup" finished-at="2025-01-16T15:20:58 EST" duration-ms="6021" status="PASS">
          <params>
            <param index="0">
              <value>
                <![CDATA[windows]]>
              </value>
            </param>
            <param index="1">
              <value>
                <![CDATA[Chrome]]>
              </value>
            </param>
          </params>
          <reporter-output>
          </reporter-output>
        </test-method> <!-- setup -->
        <test-method signature="verifyRegisterWithAllDetails()[pri:2, instance:com.testCases.TC001_AccountRegisterationTest@dfddc9a]" started-at="2025-01-16T15:20:58 EST" name="verifyRegisterWithAllDetails" finished-at="2025-01-16T15:21:02 EST" duration-ms="4239" status="PASS">
          <reporter-output>
          </reporter-output>
        </test-method> <!-- verifyRegisterWithAllDetails -->
        <test-method is-config="true" signature="tearDown()[pri:0, instance:com.testCases.TC001_AccountRegisterationTest@dfddc9a]" started-at="2025-01-16T15:21:02 EST" name="tearDown" finished-at="2025-01-16T15:21:03 EST" duration-ms="733" status="PASS">
          <reporter-output>
          </reporter-output>
        </test-method> <!-- tearDown -->
        <test-method is-config="true" signature="setup(java.lang.String,java.lang.String)[pri:0, instance:com.testCases.TC001_AccountRegisterationTest@dfddc9a]" started-at="2025-01-16T15:21:03 EST" name="setup" finished-at="2025-01-16T15:21:07 EST" duration-ms="4223" status="PASS">
          <params>
            <param index="0">
              <value>
                <![CDATA[windows]]>
              </value>
            </param>
            <param index="1">
              <value>
                <![CDATA[Chrome]]>
              </value>
            </param>
          </params>
          <reporter-output>
          </reporter-output>
        </test-method> <!-- setup -->
        <test-method signature="verifyRegistrationWithExistingEmail()[pri:3, instance:com.testCases.TC001_AccountRegisterationTest@dfddc9a]" started-at="2025-01-16T15:21:07 EST" name="verifyRegistrationWithExistingEmail" finished-at="2025-01-16T15:21:09 EST" duration-ms="1808" status="PASS">
          <reporter-output>
          </reporter-output>
        </test-method> <!-- verifyRegistrationWithExistingEmail -->
        <test-method is-config="true" signature="tearDown()[pri:0, instance:com.testCases.TC001_AccountRegisterationTest@dfddc9a]" started-at="2025-01-16T15:21:09 EST" name="tearDown" finished-at="2025-01-16T15:21:09 EST" duration-ms="350" status="PASS">
          <reporter-output>
          </reporter-output>
        </test-method> <!-- tearDown -->
        <test-method is-config="true" signature="setup(java.lang.String,java.lang.String)[pri:0, instance:com.testCases.TC001_AccountRegisterationTest@dfddc9a]" started-at="2025-01-16T15:21:09 EST" name="setup" finished-at="2025-01-16T15:21:13 EST" duration-ms="3573" status="PASS">
          <params>
            <param index="0">
              <value>
                <![CDATA[windows]]>
              </value>
            </param>
            <param index="1">
              <value>
                <![CDATA[Chrome]]>
              </value>
            </param>
          </params>
          <reporter-output>
          </reporter-output>
        </test-method> <!-- setup -->
        <test-method signature="verifyRegisterWithIncorrectConfirmPassword()[pri:4, instance:com.testCases.TC001_AccountRegisterationTest@dfddc9a]" started-at="2025-01-16T15:21:13 EST" name="verifyRegisterWithIncorrectConfirmPassword" finished-at="2025-01-16T15:21:15 EST" duration-ms="1861" status="PASS">
          <reporter-output>
          </reporter-output>
        </test-method> <!-- verifyRegisterWithIncorrectConfirmPassword -->
        <test-method is-config="true" signature="tearDown()[pri:0, instance:com.testCases.TC001_AccountRegisterationTest@dfddc9a]" started-at="2025-01-16T15:21:15 EST" name="tearDown" finished-at="2025-01-16T15:21:15 EST" duration-ms="300" status="PASS">
          <reporter-output>
          </reporter-output>
        </test-method> <!-- tearDown -->
        <test-method is-config="true" signature="setup(java.lang.String,java.lang.String)[pri:0, instance:com.testCases.TC001_AccountRegisterationTest@dfddc9a]" started-at="2025-01-16T15:21:15 EST" name="setup" finished-at="2025-01-16T15:21:19 EST" duration-ms="3577" status="PASS">
          <params>
            <param index="0">
              <value>
                <![CDATA[windows]]>
              </value>
            </param>
            <param index="1">
              <value>
                <![CDATA[Chrome]]>
              </value>
            </param>
          </params>
          <reporter-output>
          </reporter-output>
        </test-method> <!-- setup -->
        <test-method signature="verifyRegisterWithNoDetails()[pri:5, instance:com.testCases.TC001_AccountRegisterationTest@dfddc9a]" started-at="2025-01-16T15:21:19 EST" name="verifyRegisterWithNoDetails" finished-at="2025-01-16T15:21:20 EST" duration-ms="1389" status="PASS">
          <reporter-output>
          </reporter-output>
        </test-method> <!-- verifyRegisterWithNoDetails -->
        <test-method is-config="true" signature="tearDown()[pri:0, instance:com.testCases.TC001_AccountRegisterationTest@dfddc9a]" started-at="2025-01-16T15:21:20 EST" name="tearDown" finished-at="2025-01-16T15:21:20 EST" duration-ms="299" status="PASS">
          <reporter-output>
          </reporter-output>
        </test-method> <!-- tearDown -->
      </class> <!-- com.testCases.TC001_AccountRegisterationTest -->
      <class name="com.testCases.TC002_LoginTest">
        <test-method is-config="true" signature="setup(java.lang.String,java.lang.String)[pri:0, instance:com.testCases.TC002_LoginTest@6955cb39]" started-at="2025-01-16T15:20:31 EST" name="setup" finished-at="2025-01-16T15:20:34 EST" duration-ms="3344" status="PASS">
          <params>
            <param index="0">
              <value>
                <![CDATA[windows]]>
              </value>
            </param>
            <param index="1">
              <value>
                <![CDATA[Chrome]]>
              </value>
            </param>
          </params>
          <reporter-output>
          </reporter-output>
        </test-method> <!-- setup -->
        <test-method signature="verifyLoginwithValidCredentials()[pri:1, instance:com.testCases.TC002_LoginTest@6955cb39]" started-at="2025-01-16T15:20:34 EST" name="verifyLoginwithValidCredentials" finished-at="2025-01-16T15:20:38 EST" duration-ms="3674" status="PASS">
          <reporter-output>
          </reporter-output>
        </test-method> <!-- verifyLoginwithValidCredentials -->
        <test-method is-config="true" signature="tearDown()[pri:0, instance:com.testCases.TC002_LoginTest@6955cb39]" started-at="2025-01-16T15:20:38 EST" name="tearDown" finished-at="2025-01-16T15:20:38 EST" duration-ms="559" status="PASS">
          <reporter-output>
          </reporter-output>
        </test-method> <!-- tearDown -->
        <test-method is-config="true" signature="setup(java.lang.String,java.lang.String)[pri:0, instance:com.testCases.TC002_LoginTest@6955cb39]" started-at="2025-01-16T15:20:38 EST" name="setup" finished-at="2025-01-16T15:20:44 EST" duration-ms="5399" status="PASS">
          <params>
            <param index="0">
              <value>
                <![CDATA[windows]]>
              </value>
            </param>
            <param index="1">
              <value>
                <![CDATA[Chrome]]>
              </value>
            </param>
          </params>
          <reporter-output>
          </reporter-output>
        </test-method> <!-- setup -->
        <test-method signature="verifyLoginwithValidEmailInvalidPasword()[pri:2, instance:com.testCases.TC002_LoginTest@6955cb39]" started-at="2025-01-16T15:20:44 EST" name="verifyLoginwithValidEmailInvalidPasword" finished-at="2025-01-16T15:20:47 EST" duration-ms="2797" status="PASS">
          <reporter-output>
          </reporter-output>
        </test-method> <!-- verifyLoginwithValidEmailInvalidPasword -->
        <test-method is-config="true" signature="tearDown()[pri:0, instance:com.testCases.TC002_LoginTest@6955cb39]" started-at="2025-01-16T15:20:47 EST" name="tearDown" finished-at="2025-01-16T15:20:47 EST" duration-ms="751" status="PASS">
          <reporter-output>
          </reporter-output>
        </test-method> <!-- tearDown -->
        <test-method is-config="true" signature="setup(java.lang.String,java.lang.String)[pri:0, instance:com.testCases.TC002_LoginTest@6955cb39]" started-at="2025-01-16T15:20:47 EST" name="setup" finished-at="2025-01-16T15:20:52 EST" duration-ms="4761" status="PASS">
          <params>
            <param index="0">
              <value>
                <![CDATA[windows]]>
              </value>
            </param>
            <param index="1">
              <value>
                <![CDATA[Chrome]]>
              </value>
            </param>
          </params>
          <reporter-output>
          </reporter-output>
        </test-method> <!-- setup -->
      </class> <!-- com.testCases.TC002_LoginTest -->
      <class name="com.testCases.TC003_LoginWithDDT">
        <test-method is-config="true" signature="setup(java.lang.String,java.lang.String)[pri:0, instance:com.testCases.TC003_LoginWithDDT@37ddb69a]" started-at="2025-01-16T15:20:21 EST" name="setup" finished-at="2025-01-16T15:20:27 EST" duration-ms="6350" status="PASS">
          <params>
            <param index="0">
              <value>
                <![CDATA[windows]]>
              </value>
            </param>
            <param index="1">
              <value>
                <![CDATA[Chrome]]>
              </value>
            </param>
          </params>
          <reporter-output>
          </reporter-output>
        </test-method> <!-- setup -->
        <test-method signature="verifyLoginwithDDT(java.lang.String,java.lang.String)[pri:0, instance:com.testCases.TC003_LoginWithDDT@37ddb69a]" started-at="2025-01-16T15:20:27 EST" name="verifyLoginwithDDT" data-provider="LoginData" finished-at="2025-01-16T15:20:29 EST" duration-ms="2477" status="PASS">
          <params>
            <param index="0">
              <value>
                <![CDATA[seleniumpanda@gmail.com]]>
              </value>
            </param>
            <param index="1">
              <value>
                <![CDATA[Selenium@123]]>
              </value>
            </param>
          </params>
          <reporter-output>
          </reporter-output>
        </test-method> <!-- verifyLoginwithDDT -->
        <test-method is-config="true" signature="tearDown()[pri:0, instance:com.testCases.TC003_LoginWithDDT@37ddb69a]" started-at="2025-01-16T15:20:29 EST" name="tearDown" finished-at="2025-01-16T15:20:30 EST" duration-ms="486" status="PASS">
          <reporter-output>
          </reporter-output>
        </test-method> <!-- tearDown -->
        <test-method is-config="true" signature="setup(java.lang.String,java.lang.String)[pri:0, instance:com.testCases.TC003_LoginWithDDT@37ddb69a]" started-at="2025-01-16T15:20:30 EST" name="setup" finished-at="2025-01-16T15:20:33 EST" duration-ms="3002" status="PASS">
          <params>
            <param index="0">
              <value>
                <![CDATA[windows]]>
              </value>
            </param>
            <param index="1">
              <value>
                <![CDATA[Chrome]]>
              </value>
            </param>
          </params>
          <reporter-output>
          </reporter-output>
        </test-method> <!-- setup -->
        <test-method signature="verifyLoginwithDDT(java.lang.String,java.lang.String)[pri:0, instance:com.testCases.TC003_LoginWithDDT@37ddb69a]" started-at="2025-01-16T15:20:33 EST" name="verifyLoginwithDDT" data-provider="LoginData" finished-at="2025-01-16T15:20:37 EST" duration-ms="3909" status="PASS">
          <params>
            <param index="0">
              <value>
                <![CDATA[seleniumpanda1@gmail.com]]>
              </value>
            </param>
            <param index="1">
              <value>
                <![CDATA[Selenium@123]]>
              </value>
            </param>
          </params>
          <reporter-output>
          </reporter-output>
        </test-method> <!-- verifyLoginwithDDT -->
        <test-method is-config="true" signature="tearDown()[pri:0, instance:com.testCases.TC003_LoginWithDDT@37ddb69a]" started-at="2025-01-16T15:20:37 EST" name="tearDown" finished-at="2025-01-16T15:20:37 EST" duration-ms="278" status="PASS">
          <reporter-output>
          </reporter-output>
        </test-method> <!-- tearDown -->
        <test-method is-config="true" signature="setup(java.lang.String,java.lang.String)[pri:0, instance:com.testCases.TC003_LoginWithDDT@37ddb69a]" started-at="2025-01-16T15:20:37 EST" name="setup" finished-at="2025-01-16T15:20:42 EST" duration-ms="4611" status="PASS">
          <params>
            <param index="0">
              <value>
                <![CDATA[windows]]>
              </value>
            </param>
            <param index="1">
              <value>
                <![CDATA[Chrome]]>
              </value>
            </param>
          </params>
          <reporter-output>
          </reporter-output>
        </test-method> <!-- setup -->
        <test-method signature="verifyLoginwithDDT(java.lang.String,java.lang.String)[pri:0, instance:com.testCases.TC003_LoginWithDDT@37ddb69a]" started-at="2025-01-16T15:20:42 EST" name="verifyLoginwithDDT" data-provider="LoginData" finished-at="2025-01-16T15:20:44 EST" duration-ms="1959" status="PASS">
          <params>
            <param index="0">
              <value>
                <![CDATA[seleniumpanda2@gmail.com]]>
              </value>
            </param>
            <param index="1">
              <value>
                <![CDATA[Selenium@123]]>
              </value>
            </param>
          </params>
          <reporter-output>
          </reporter-output>
        </test-method> <!-- verifyLoginwithDDT -->
        <test-method is-config="true" signature="tearDown()[pri:0, instance:com.testCases.TC003_LoginWithDDT@37ddb69a]" started-at="2025-01-16T15:20:44 EST" name="tearDown" finished-at="2025-01-16T15:20:44 EST" duration-ms="373" status="PASS">
          <reporter-output>
          </reporter-output>
        </test-method> <!-- tearDown -->
        <test-method is-config="true" signature="setup(java.lang.String,java.lang.String)[pri:0, instance:com.testCases.TC003_LoginWithDDT@37ddb69a]" started-at="2025-01-16T15:20:44 EST" name="setup" finished-at="2025-01-16T15:20:50 EST" duration-ms="5702" status="PASS">
          <params>
            <param index="0">
              <value>
                <![CDATA[windows]]>
              </value>
            </param>
            <param index="1">
              <value>
                <![CDATA[Chrome]]>
              </value>
            </param>
          </params>
          <reporter-output>
          </reporter-output>
        </test-method> <!-- setup -->
        <test-method signature="verifyLoginwithDDT(java.lang.String,java.lang.String)[pri:0, instance:com.testCases.TC003_LoginWithDDT@37ddb69a]" started-at="2025-01-16T15:20:50 EST" name="verifyLoginwithDDT" data-provider="LoginData" finished-at="2025-01-16T15:20:52 EST" duration-ms="2233" status="PASS">
          <params>
            <param index="0">
              <value>
                <![CDATA[seleniumpanda3@gmail.com]]>
              </value>
            </param>
            <param index="1">
              <value>
                <![CDATA[Selenium@123]]>
              </value>
            </param>
          </params>
          <reporter-output>
          </reporter-output>
        </test-method> <!-- verifyLoginwithDDT -->
        <test-method is-config="true" signature="tearDown()[pri:0, instance:com.testCases.TC003_LoginWithDDT@37ddb69a]" started-at="2025-01-16T15:20:52 EST" name="tearDown" finished-at="2025-01-16T15:20:52 EST" duration-ms="415" status="PASS">
          <reporter-output>
          </reporter-output>
        </test-method> <!-- tearDown -->
        <test-method is-config="true" signature="setup(java.lang.String,java.lang.String)[pri:0, instance:com.testCases.TC003_LoginWithDDT@37ddb69a]" started-at="2025-01-16T15:20:52 EST" name="setup" finished-at="2025-01-16T15:20:58 EST" duration-ms="5617" status="PASS">
          <params>
            <param index="0">
              <value>
                <![CDATA[windows]]>
              </value>
            </param>
            <param index="1">
              <value>
                <![CDATA[Chrome]]>
              </value>
            </param>
          </params>
          <reporter-output>
          </reporter-output>
        </test-method> <!-- setup -->
        <test-method signature="verifyLoginwithDDT(java.lang.String,java.lang.String)[pri:0, instance:com.testCases.TC003_LoginWithDDT@37ddb69a]" started-at="2025-01-16T15:20:58 EST" name="verifyLoginwithDDT" data-provider="LoginData" finished-at="2025-01-16T15:21:01 EST" duration-ms="3323" status="PASS">
          <params>
            <param index="0">
              <value>
                <![CDATA[seleniumpanda4@gmail.com]]>
              </value>
            </param>
            <param index="1">
              <value>
                <![CDATA[Selenium@123]]>
              </value>
            </param>
          </params>
          <reporter-output>
          </reporter-output>
        </test-method> <!-- verifyLoginwithDDT -->
        <test-method is-config="true" signature="tearDown()[pri:0, instance:com.testCases.TC003_LoginWithDDT@37ddb69a]" started-at="2025-01-16T15:21:01 EST" name="tearDown" finished-at="2025-01-16T15:21:03 EST" duration-ms="1519" status="PASS">
          <reporter-output>
          </reporter-output>
        </test-method> <!-- tearDown -->
      </class> <!-- com.testCases.TC003_LoginWithDDT -->
    </test> <!-- Test -->
  </suite> <!-- Suite -->
</testng-results>
